<!DOCTYPE HTML PUBLIC "-//IETF//DTD HTML//EN">
<HTML>
<HEAD>
<!-- Sitemap 1.0 -->
</HEAD><BODY>
<UL>
     <LI><OBJECT type="text/sitemap">
         <param name="Name" value="Welcome to Agilent Literature Search">
         <param name="Local" value="HTML\Welcome_to_Agilent_Literature_Search.htm">
          </OBJECT>
     <LI><OBJECT type="text/sitemap">
         <param name="Name" value="Quick Tour">
         <param name="Local" value="HTML\Quick_Tour.htm">
          </OBJECT>
     <LI><OBJECT type="text/sitemap">
         <param name="Name" value="Getting Started">
         <param name="Local" value="HTML\Getting_Started.htm">
          </OBJECT>
     <UL>
          <LI><OBJECT type="text/sitemap">
              <param name="Name" value="Installation">
              <param name="Local" value="HTML\Installation.htm">
               </OBJECT>
          <LI><OBJECT type="text/sitemap">
              <param name="Name" value="Launching the plugin">
              <param name="Local" value="HTML\Launching_the_plugin.htm">
               </OBJECT>
     </UL>
     <LI><OBJECT type="text/sitemap">
         <param name="Name" value="Building an association network via literature search">
         <param name="Local" value="HTML\Building_an_association_network_via_literature_search.htm">
          </OBJECT>
     <UL>
          <LI><OBJECT type="text/sitemap">
              <param name="Name" value="Entering search terms">
              <param name="Local" value="HTML\Entering_search_terms.htm">
               </OBJECT>
          <LI><OBJECT type="text/sitemap">
              <param name="Name" value="Entering context">
              <param name="Local" value="HTML\Entering_context.htm">
               </OBJECT>
          <LI><OBJECT type="text/sitemap">
              <param name="Name" value="Controlling the search">
              <param name="Local" value="HTML\Controlling_the_search.htm">
               </OBJECT>
          <LI><OBJECT type="text/sitemap">
              <param name="Name" value="Executing the Search">
              <param name="Local" value="HTML\Executing_the_Search.htm">
               </OBJECT>
          <LI><OBJECT type="text/sitemap">
              <param name="Name" value="Saving, Loading, and Reanalyzing a Search">
              <param name="Local" value="HTML\Saving__Loading__and_Reanalyzing_a_Search.htm">
               </OBJECT>
          <LI><OBJECT type="text/sitemap">
              <param name="Name" value="Viewing Literature References for the Association Network">
              <param name="Local" value="HTML\Viewing_Literature_References_for_the_Association_Network.htm">
               </OBJECT>
          <LI><OBJECT type="text/sitemap">
              <param name="Name" value="Deleting Literature References for the Association Network">
              <param name="Local" value="HTML\Deleting_Literature_References_for_the_Association_Network.htm">
               </OBJECT>
     </UL>
     <LI><OBJECT type="text/sitemap">
         <param name="Name" value="Gather Evidence for Nodes and Edges in Cytoscape">
         <param name="Local" value="HTML\Gather_Evidence_for_Nodes_and_Edges_in_Cytoscape.htm">
          </OBJECT>
     <LI><OBJECT type="text/sitemap">
         <param name="Name" value="Configuring literature search">
         <param name="Local" value="HTML\Configuring_literature_search.htm">
          </OBJECT>
     <UL>
          <LI><OBJECT type="text/sitemap">
              <param name="Name" value="Viewing and selecting search engines">
              <param name="Local" value="HTML\Viewing_and_selecting_search_engines.htm">
               </OBJECT>
          <LI><OBJECT type="text/sitemap">
              <param name="Name" value="Editing preferences">
              <param name="Local" value="HTML\Editing_preferences.htm">
               </OBJECT>
          <LI><OBJECT type="text/sitemap">
              <param name="Name" value="Defining a new search engine">
              <param name="Local" value="HTML\Defining_a_new_search_engine.htm">
               </OBJECT>
     </UL>
     <LI><OBJECT type="text/sitemap">
         <param name="Name" value="Working with Lexicons">
         <param name="Local" value="HTML\Working_with_Lexicons.htm">
          </OBJECT>
     <UL>
          <LI><OBJECT type="text/sitemap">
              <param name="Name" value="Concept Lexicon">
              <param name="Local" value="HTML\Concept_Lexicon.htm">
               </OBJECT>
          <LI><OBJECT type="text/sitemap">
              <param name="Name" value="Interaction Lexicon">
              <param name="Local" value="HTML\Interaction_Lexicon.htm">
               </OBJECT>
     </UL>
     <LI><OBJECT type="text/sitemap">
         <param name="Name" value="Saving and restoring association networks">
         <param name="Local" value="HTML\Saving_and_restoring_association_networks.htm">
          </OBJECT>
     <LI><OBJECT type="text/sitemap">
         <param name="Name" value="Troubleshooting">
         <param name="Local" value="HTML\Troubleshooting.htm">
          </OBJECT>
     <LI><OBJECT type="text/sitemap">
         <param name="Name" value="Licenses">
          </OBJECT>
     <UL>
          <LI><OBJECT type="text/sitemap">
              <param name="Name" value="Agilent Literature Search License Agreement">
              <param name="Local" value="HTML\Agilent_Literature_Search_License_Agreement.htm">
               </OBJECT>
          <LI><OBJECT type="text/sitemap">
              <param name="Name" value="Third Party Software">
              <param name="Local" value="HTML\Third_Party_Software.htm">
               </OBJECT>
     </UL>
     <LI><OBJECT type="text/sitemap">
         <param name="Name" value="Acknowledgements">
         <param name="Local" value="HTML\Acknowledgements.htm">
          </OBJECT>
</UL>
</BODY></HTML>
