This is pTeX, Version 3.1415926-p3.1.11 (sjis) (Web2C 2010/dev) (format=platex 2010.3.30)  20 MAY 2010 17:20
 restricted \write18 enabled.
 %&-line parsing enabled.
**perl_text11_3.tex
(./perl_text11_3.tex
pLaTeX2e <2006/11/10>+0 (based on LaTeX2e <2009/09/24> patch level 0)
Babel <v3.8l> and hyphenation patterns for english, usenglishmax, ukenglish, ba
sque, bulgarian, coptic, welsh, czech, slovak, german, ngerman, danish, esperan
to, spanish, catalan, galician, estonian, farsi, finnish, french, irish, greek,
 monogreek, ancientgreek, croatian, hungarian, interlingua, ibycus, bahasa, ice
landic, italian, latin, mongolian, dutch, norsk, polish, portuguese, pinyin, ro
manian, russian, slovenian, samin, uppersorbian, serbian, swedish, turkish, ukr
ainian, dumylang, nohyphenation, loaded.
(c:/WinAppl/TeX/share/texmf/tex/platex/base/jbook.cls
Document Class: jbook 2006/06/27 v1.6 Standard pLaTeX class
\c@@paper=\count81
(c:/WinAppl/TeX/share/texmf/tex/platex/base/jbk10.clo
File: jbk10.clo 2006/06/27 v1.6 Standard pLaTeX file (size option)
)
\c@part=\count82
\c@chapter=\count83
\c@section=\count84
\c@subsection=\count85
\c@subsubsection=\count86
\c@paragraph=\count87
\c@subparagraph=\count88
\c@figure=\count89
\c@table=\count90
\abovecaptionskip=\skip41
\belowcaptionskip=\skip42
\symmincho=\mathgroup4
LaTeX Font Info:    Overwriting symbol font `mincho' in version `bold'
(Font)                  JY1/mc/m/n --> JY1/gt/m/n on input line 680.
\toclineskip=\dimen118
\@lnumwidth=\dimen119
\bibindent=\dimen120
\heisei=\count91
)
(c:/WinAppl/TeX/share/texmf/tex/latex/misc/fancyhdr.sty
\headwidth=\dimen121
)
(c:/WinAppl/TeX/share/texmf/tex/latex/misc/fancybox.sty
Package: fancybox 2000/09/19 1.3

Style option: `fancybox' v1.3 <2000/09/19> (tvz)
\@fancybox=\box41
\shadowsize=\dimen122
\@Sbox=\box42
\do@VerbBox=\toks15
\the@fancyput=\toks16
\this@fancyput=\toks17
\EndVerbatimTokens=\toks18
\Verbatim@Outfile=\write3
\Verbatim@Infile=\read1
) (c:/WinAppl/TeX/share/texmf/tex/platex/base/ascmac.sty
(c:/WinAppl/TeX/share/texmf/tex/platex/base/tascmac.sty
\@savetbaselineshift=\dimen123
\@saveybaselineshift=\dimen124
\scb@x=\box43
\scscb@x=\box44
\@bw=\dimen125
\@nbox=\box45
\@nbody=\box46
\@scw=\dimen126
\@itemh=\dimen127
\@iboxpos=\toks19
\@iboxstr=\box47
\@bwsp=\box48
\@@bwsp=\box49
\@bcal=\count92
\shaderule=\dimen128
))
(c:/WinAppl/TeX/share/texmf/tex/latex/base/makeidx.sty
Package: makeidx 2000/03/29 v1.0m Standard LaTeX package
)
(c:/WinAppl/TeX/share/texmf/tex/latex/graphics/graphicx.sty
Package: graphicx 1999/02/16 v1.0f Enhanced LaTeX Graphics (DPC,SPQR)

(c:/WinAppl/TeX/share/texmf/tex/latex/graphics/keyval.sty
Package: keyval 1999/03/16 v1.13 key=value parser (DPC)
\KV@toks@=\toks20
)
(c:/WinAppl/TeX/share/texmf/tex/latex/graphics/graphics.sty
Package: graphics 2009/02/05 v1.0o Standard LaTeX Graphics (DPC,SPQR)

(c:/WinAppl/TeX/share/texmf/tex/latex/graphics/trig.sty
Package: trig 1999/03/16 v1.09 sin cos tan (DPC)
)
(c:/WinAppl/TeX/share/texmf/tex/latex/config/graphics.cfg)
Package graphics Info: Driver file: dvips.def on input line 91.

(c:/WinAppl/TeX/share/texmf/tex/latex/graphics/dvips.def
File: dvips.def 1999/02/16 v3.0i Driver-dependant file (DPC,SPQR)
))
\Gin@req@height=\dimen129
\Gin@req@width=\dimen130
)
\@indexfile=\write4
\openout4 = `perl_text11_3.idx'.


Writing index file perl_text11_3.idx
\c@question=\count93
(./perl_text11_3.aux)
\openout1 = `perl_text11_3.aux'.

LaTeX Font Info:    Checking defaults for OML/cmm/m/it on input line 68.
LaTeX Font Info:    ... okay on input line 68.
LaTeX Font Info:    Checking defaults for T1/cmr/m/n on input line 68.
LaTeX Font Info:    ... okay on input line 68.
LaTeX Font Info:    Checking defaults for OT1/cmr/m/n on input line 68.
LaTeX Font Info:    ... okay on input line 68.
LaTeX Font Info:    Checking defaults for OMS/cmsy/m/n on input line 68.
LaTeX Font Info:    ... okay on input line 68.
LaTeX Font Info:    Checking defaults for OMX/cmex/m/n on input line 68.
LaTeX Font Info:    ... okay on input line 68.
LaTeX Font Info:    Checking defaults for U/cmr/m/n on input line 68.
LaTeX Font Info:    ... okay on input line 68.
LaTeX Font Info:    Checking defaults for JY1/mc/m/n on input line 68.
LaTeX Font Info:    ... okay on input line 68.
LaTeX Font Info:    Checking defaults for JT1/mc/m/n on input line 68.
LaTeX Font Info:    ... okay on input line 68.
LaTeX Font Info:    External font `cmex10' loaded for size
(Font)              <14.4> on input line 70.
LaTeX Font Info:    External font `cmex10' loaded for size
(Font)              <7> on input line 70.
 [1


]
LaTeX Font Info:    Font shape `JT1/mc/bx/n' in size <20.74> not available
(Font)              Font shape `JT1/gt/m/n' tried instead on input line 72.
LaTeX Font Info:    Font shape `JY1/mc/bx/n' in size <20.74> not available
(Font)              Font shape `JY1/gt/m/n' tried instead on input line 72.
LaTeX Font Info:    Font shape `JT1/mc/bx/n' in size <10> not available
(Font)              Font shape `JT1/gt/m/n' tried instead on input line 76.
LaTeX Font Info:    Font shape `JY1/mc/bx/n' in size <10> not available
(Font)              Font shape `JY1/gt/m/n' tried instead on input line 76.
 [2

] (./perl_text11_3.toc
LaTeX Font Info:    External font `cmex10' loaded for size
(Font)              <5> on input line 6.
 [3

]

Package Fancyhdr Warning: \headheight is too small (10.00002pt): 
 Make it at least 15.0pt.
 We now make it that large for the rest of the document.
 This may cause the page layout to be inconsistent, however.

[4])
\tf@toc=\write5
\openout5 = `perl_text11_3.toc'.

 [5]
第 1 章
LaTeX Font Info:    Font shape `JT1/mc/bx/n' in size <14.4> not available
(Font)              Font shape `JT1/gt/m/n' tried instead on input line 92.
LaTeX Font Info:    Font shape `JY1/mc/bx/n' in size <14.4> not available
(Font)              Font shape `JY1/gt/m/n' tried instead on input line 92.
LaTeX Font Info:    External font `cmex10' loaded for size
(Font)              <8> on input line 92.
LaTeX Font Info:    External font `cmex10' loaded for size
(Font)              <6> on input line 92.
[6

] [7] [8]
第 2 章
[9

]
LaTeX Font Info:    Font shape `JT1/mc/bx/n' in size <12> not available
(Font)              Font shape `JT1/gt/m/n' tried instead on input line 295.
LaTeX Font Info:    Font shape `JY1/mc/bx/n' in size <12> not available
(Font)              Font shape `JY1/gt/m/n' tried instead on input line 295.
 [10] [11] [12] [13] [14] [15] [16] [17] [18] [19] [20] [21] [22] [23]
[24] [25] [26] [27]
LaTeX Font Info:    External font `cmex10' loaded for size
(Font)              <12> on input line 1191.
 [28] [29] [30]
LaTeX Font Info:    Try loading font information for OMS+cmr on input line 1299
.

(c:/WinAppl/TeX/share/texmf/tex/latex/base/omscmr.fd
File: omscmr.fd 1999/05/25 v2.5h Standard LaTeX font definitions
)
LaTeX Font Info:    Font shape `OMS/cmr/m/n' in size <10> not available
(Font)              Font shape `OMS/cmsy/m/n' tried instead on input line 1299.

 [31] [32] [33] [34]
[35]
第 3 章
[36

] [37] [38] [39] [40] [41] [42] [43] [44] [45] [46] [47] [48]
File: Figs/geneexp_sample1.eps Graphic file (type eps)

<Figs/geneexp_sample1.eps> [49] [50]
File: Figs/pdi_sample1.eps Graphic file (type eps)
 <Figs/pdi_sample1.eps> [51] [52]
LaTeX Font Info:    External font `cmex10' loaded for size
(Font)              <9> on input line 2546.
 [53]
Overfull \hbox (1.97086pt too wide) in paragraph at lines 2566--2645
[]\JY1/mc/m/n/10 このプログラムのフ ァ イル名を \OT1/cmtt/m/n/10 head_tail_seq.
pl\JY1/mc/m/n/10 、 処理の対象となる \OT1/cmr/m/n/10 Gen-Bank \JY1/mc/m/n/10 フ
 ァ イルを \OT1/cmr/m/n/10 test.seq[]\JY1/mc/m/n/10 と
 []

[54] [55]
LaTeX Font Info:    Try loading font information for OMS+cmtt on input line 266
0.
LaTeX Font Info:    No file OMScmtt.fd. on input line 2660.


LaTeX Font Warning: Font shape `OMS/cmtt/m/n' undefined
(Font)              using `OMS/cmsy/m/n' instead
(Font)              for symbol `textbullet' on input line 2660.

[56]
File: figs/gccont_win.eps Graphic file (type eps)
 <figs/gccont_win.eps>
File: Figs/gccont1.eps Graphic file (type eps)
 <Figs/gccont1.eps> [57] [58]
File: Figs/cds_analysis_flow1.eps Graphic file (type eps)

<Figs/cds_analysis_flow1.eps> [59] [60] [61]
File: Figs/regexp_CDS1.eps Graphic file (type eps)
 <Figs/regexp_CDS1.eps> [62]
File: Figs/CDS_complement1.eps Graphic file (type eps)

<Figs/CDS_complement1.eps> [63] [64] [65] [66] [67] [68] [69]
File: Figs/in_CDS1.eps Graphic file (type eps)

<Figs/in_CDS1.eps> [70] [71]
File: Figs/exon_intron1.eps Graphic file (type eps)
 <Figs/exon_intron1.eps> [72]
第 4 章
[73

] [74] [75] [76] [77] [78] [79] [80] [81] [82] [83] [84] [85] [86] [87]
[88] [89] [90] [91]
Overfull \vbox (18.12195pt too high) has occurred while \output is active []


[92] [93] [94] [95]

LaTeX Font Warning: Font shape `JT1/mc/m/it' undefined
(Font)              using `JT1/mc/m/n' instead on input line 4764.


LaTeX Font Warning: Font shape `JY1/mc/m/it' undefined
(Font)              using `JY1/mc/m/n' instead on input line 4764.

(./perl_text11_3.ind [96

] [97

] [98]) (./perl_text11_3.aux)

LaTeX Font Warning: Some font shapes were not available, defaults substituted.

 ) 
Here is how much of TeX's memory you used:
 1101 strings out of 494369
 12938 string characters out of 3170657
 82791 words of memory out of 1500000
 4456 multiletter control sequences out of 15000+200000
 18213 words of font info for 71 fonts, out of 2000000 for 2000
 678 hyphenation exceptions out of 8191
 25i,11n,43p,1039b,749s stack positions out of 3000i,500n,5000p,500000b,5000s

Output written on perl_text11_3.dvi (98 pages, 306340 bytes).
