This is pTeX, Version 3.141592-p3.1.10 (sjis) (Web2C 7.5.6) (format=platex 2007.3.5)  26 AUG 2008 20:57
**Sumproj08s_5.tex
(./Sumproj08s_5.tex
pLaTeX2e <2006/11/10>+0 (based on LaTeX2e <2005/12/01> patch level 0)
Babel <v3.8h> and hyphenation patterns for english, usenglishmax, ukenglish, ba
sque, bulgarian, coptic, welsh, czech, slovak, german, ngerman, danish, spanish
, catalan, estonian, finnish, french, irish, polygreek, monogreek, ancientgreek
, croatian, hungarian, interlingua, ibycus, bahasa, icelandic, italian, latin, 
mongolian, dutch, norsk, polish, portuguese, pinyin, romanian, russian, samin, 
slovene, usorbian, serbian, swedish, turkish, ukrainian, dumylang, nohyphenatio
n, loaded.
(c:/WinAppl/TeX/share/texmf/ptex/platex/base/jarticle.cls
Document Class: jarticle 2006/06/27 v1.6 Standard pLaTeX class
\c@@paper=\count81
(c:/WinAppl/TeX/share/texmf/ptex/platex/base/jsize10.clo
File: jsize10.clo 2006/06/27 v1.6 Standard pLaTeX file (size option)
)
\c@part=\count82
\c@section=\count83
\c@subsection=\count84
\c@subsubsection=\count85
\c@paragraph=\count86
\c@subparagraph=\count87
\c@figure=\count88
\c@table=\count89
\abovecaptionskip=\skip41
\belowcaptionskip=\skip42
\symmincho=\mathgroup4
LaTeX Font Info:    Overwriting symbol font `mincho' in version `bold'
(Font)                  JY1/mc/m/n --> JY1/gt/m/n on input line 601.
\toclineskip=\dimen118
\@lnumwidth=\dimen119
\bibindent=\dimen120
\heisei=\count90
)
(c:/WinAppl/TeX/share/texmf/tex/latex/graphics/graphicx.sty
Package: graphicx 1999/02/16 v1.0f Enhanced LaTeX Graphics (DPC,SPQR)

(c:/WinAppl/TeX/share/texmf/tex/latex/graphics/keyval.sty
Package: keyval 1999/03/16 v1.13 key=value parser (DPC)
\KV@toks@=\toks15
)
(c:/WinAppl/TeX/share/texmf/tex/latex/graphics/graphics.sty
Package: graphics 2006/02/20 v1.0o Standard LaTeX Graphics (DPC,SPQR)

(c:/WinAppl/TeX/share/texmf/tex/latex/graphics/trig.sty
Package: trig 1999/03/16 v1.09 sin cos tan (DPC)
)
(c:/WinAppl/TeX/share/texmf/tex/latex/config/graphics.cfg)
Package graphics Info: Driver file: dvips.def on input line 90.

(c:/WinAppl/TeX/share/texmf/tex/latex/graphics/dvips.def
File: dvips.def 1999/02/16 v3.0i Driver-dependant file (DPC,SPQR)
))
\Gin@req@height=\dimen121
\Gin@req@width=\dimen122
)
(c:/WinAppl/TeX/share/texmf/tex/latex/misc/wrapfig.sty
\wrapoverhang=\dimen123
\WF@size=\dimen124
\c@WF@wrappedlines=\count91
\WF@box=\box41
\WF@everypar=\toks16
Package: wrapfig 2003/01/31  v 3.6
)
(c:/WinAppl/TeX/share/texmf/tex/latex/base/makeidx.sty
Package: makeidx 2000/03/29 v1.0m Standard LaTeX package
)
(c:/WinAppl/TeX/share/texmf/tex/latex/graphics/color.sty
Package: color 2005/11/14 v1.0j Standard LaTeX Color (DPC)

(c:/WinAppl/TeX/share/texmf/tex/latex/config/color.cfg)
Package color Info: Driver file: dvips.def on input line 130.

(c:/WinAppl/TeX/share/texmf/tex/latex/graphics/dvipsnam.def
File: dvipsnam.def 1999/02/16 v3.0i Driver-dependant file (DPC,SPQR)
))
\@indexfile=\write3
\openout3 = `Sumproj08s_5.idx'.


Writing index file Sumproj08s_5.idx
(./Sumproj08s_5.aux (./credit.aux) (./sylabus.aux) (./report.aux)
(./funding.aux) (./dormitory.aux) (./campus.aux))
\openout1 = `Sumproj08s_5.aux'.

LaTeX Font Info:    Checking defaults for OML/cmm/m/it on input line 23.
LaTeX Font Info:    ... okay on input line 23.
LaTeX Font Info:    Checking defaults for T1/cmr/m/n on input line 23.
LaTeX Font Info:    ... okay on input line 23.
LaTeX Font Info:    Checking defaults for OT1/cmr/m/n on input line 23.
LaTeX Font Info:    ... okay on input line 23.
LaTeX Font Info:    Checking defaults for OMS/cmsy/m/n on input line 23.
LaTeX Font Info:    ... okay on input line 23.
LaTeX Font Info:    Checking defaults for OMX/cmex/m/n on input line 23.
LaTeX Font Info:    ... okay on input line 23.
LaTeX Font Info:    Checking defaults for U/cmr/m/n on input line 23.
LaTeX Font Info:    ... okay on input line 23.
LaTeX Font Info:    Checking defaults for JY1/mc/m/n on input line 23.
LaTeX Font Info:    ... okay on input line 23.
LaTeX Font Info:    Checking defaults for JT1/mc/m/n on input line 23.
LaTeX Font Info:    ... okay on input line 23.
LaTeX Font Info:    Font shape `JT1/mc/bx/n' in size <20.74> not available
(Font)              Font shape `JT1/gt/m/n' tried instead on input line 25.
LaTeX Font Info:    Font shape `JY1/mc/bx/n' in size <20.74> not available
(Font)              Font shape `JY1/gt/m/n' tried instead on input line 25.
LaTeX Font Info:    External font `cmex10' loaded for size
(Font)              <12> on input line 25.
LaTeX Font Info:    External font `cmex10' loaded for size
(Font)              <8> on input line 25.
LaTeX Font Info:    External font `cmex10' loaded for size
(Font)              <6> on input line 25.
LaTeX Font Info:    External font `cmex10' loaded for size
(Font)              <7> on input line 30.
LaTeX Font Info:    External font `cmex10' loaded for size
(Font)              <5> on input line 30.
LaTeX Font Info:    External font `cmex10' loaded for size
(Font)              <14.4> on input line 35.
 [1

]
LaTeX Font Info:    Font shape `JT1/mc/bx/n' in size <14.4> not available
(Font)              Font shape `JT1/gt/m/n' tried instead on input line 59.
LaTeX Font Info:    Font shape `JY1/mc/bx/n' in size <14.4> not available
(Font)              Font shape `JY1/gt/m/n' tried instead on input line 59.
File: biolab.eps Graphic file (type eps)
 <biolab.eps> [2]
(./Sumproj08s_5.toc
LaTeX Font Info:    Font shape `JT1/mc/bx/n' in size <10> not available
(Font)              Font shape `JT1/gt/m/n' tried instead on input line 1.
LaTeX Font Info:    Font shape `JY1/mc/bx/n' in size <10> not available
(Font)              Font shape `JY1/gt/m/n' tried instead on input line 1.
 [3])
\tf@toc=\write4
\openout4 = `Sumproj08s_5.toc'.

 [4]
\openout2 = `credit.aux'.

 (./credit.tex
LaTeX Font Info:    Font shape `JT1/mc/bx/n' in size <12> not available
(Font)              Font shape `JT1/gt/m/n' tried instead on input line 4.
LaTeX Font Info:    Font shape `JY1/mc/bx/n' in size <12> not available
(Font)              Font shape `JY1/gt/m/n' tried instead on input line 4.

Overfull \hbox (0.57092pt too wide) in paragraph at lines 19--22
\OT1/cmr/m/n/10 (\JY1/mc/m/n/10 対応表は 、 単位申請者へ別途お知らせします\OT1/
cmr/m/n/10 )\JY1/gt/m/n/10 。 [][][][][][] 
 []

LaTeX Font Info:    External font `cmex10' loaded for size
(Font)              <9> on input line 30.
) [5

]
\openout2 = `sylabus.aux'.

 (./sylabus.tex [6


] [7] [8] [9] [10]

LaTeX Font Warning: Font shape `JT1/mc/m/it' undefined
(Font)              using `JT1/mc/m/n' instead on input line 210.


LaTeX Font Warning: Font shape `JY1/mc/m/it' undefined
(Font)              using `JY1/mc/m/n' instead on input line 210.

[11] [12] [13] [14]) [15]
\openout2 = `report.aux'.

 (./report.tex) [16


]
\openout2 = `funding.aux'.

 (./funding.tex
LaTeX Font Info:    Try loading font information for OMS+cmr on input line 7.

(c:/WinAppl/TeX/share/texmf/tex/latex/base/omscmr.fd
File: omscmr.fd 1999/05/25 v2.5h Standard LaTeX font definitions
)
LaTeX Font Info:    Font shape `OMS/cmr/m/n' in size <10> not available
(Font)              Font shape `OMS/cmsy/m/n' tried instead on input line 7.
Missing character: There is no ^^a5 in font cmr10!
) [17


]
\openout2 = `dormitory.aux'.

 (./dormitory.tex
Missing character: There is no ^^a5 in font cmr8!
Missing character: There is no ^^a1 in font cmr10!
Missing character: There is no ^^a1 in font cmr10!

[18


]) [19]
\openout2 = `campus.aux'.

 (./campus.tex) [20


] (./Sumproj08s_5.ind [21

] [22


])
File: center.eps Graphic file (type eps)
 <center.eps>
[23

] (./Sumproj08s_5.aux (./credit.aux) (./sylabus.aux) (./report.aux)
(./funding.aux) (./dormitory.aux) (./campus.aux))

LaTeX Font Warning: Some font shapes were not available, defaults substituted.

 ) 
Here is how much of TeX's memory you used:
 992 strings out of 94481
 12564 string characters out of 1174925
 65644 words of memory out of 1500000
 4303 multiletter control sequences out of 10000+50000
 18117 words of font info for 70 fonts, out of 2000000 for 2000
 679 hyphenation exceptions out of 8191
 27i,8n,21p,267b,413s stack positions out of 3000i,500n,5000p,200000b,5000s

Output written on Sumproj08s_5.dvi (23 pages, 76192 bytes).
