This is pTeX, Version p2.1.8, based on TeX, Version 3.14159 (EUC) (Web2C 7.2) (format=jlplain 1999.1.6)  25 JAN 2000 12:47
**doctor_j_abst.tex
(doctor_j_abst.tex
LaTeX Version 2.09 <7 Dec 1989>
(/usr/share/texmf/tex/platex209/jarticle.sty
Document Style `jarticle' <18 Dec 88>.
(/usr/share/texmf/tex/platex209/jart11.sty)
\c@part=\count78
\c@section=\count79
\c@subsection=\count80
\c@subsubsection=\count81
\c@paragraph=\count82
\c@subparagraph=\count83
\c@figure=\count84
\c@table=\count85
) (doublespace.sty)
(doctor_j_abst.aux)
\openout1 = `doctor_j_abst.aux'.

 [1

] [2] (doctor_j_abst.aux) ) 
Here is how much of TeX's memory you used:
 152 strings out of 11804
 1583 string characters out of 86891
 32668 words of memory out of 263001
 2214 multiletter control sequences out of 10000+0
 23946 words of font info for 90 fonts, out of 200000 for 1000
 14 hyphenation exceptions out of 1000
 12i,4n,15p,172b,54s stack positions out of 300i,100n,500p,30000b,4000s

Output written on doctor_j_abst.dvi (2 pages, 4392 bytes).
