This is pTeX, Version p2.1.8, based on TeX, Version 3.14159 (EUC) (Web2C 7.2) (format=jlplain 1999.1.6)  30 SEP 1999 20:08
**giw98.tex
(giw98.tex
LaTeX Version 2.09 <7 Dec 1989>
(/usr/share/texmf/tex/platex209/article.sty
Document Style `article' <16 Mar 88>.
(/usr/share/texmf/tex/platex209/art11.sty)
\c@part=\count78
\c@section=\count79
\c@subsection=\count80
\c@subsubsection=\count81
\c@paragraph=\count82
\c@subparagraph=\count83
\c@figure=\count84
\c@table=\count85
)
(/usr/share/texmf/tex/generic/misc/epsf.sty
EPSbox version 1.7b for LaTeX/jdvi2kps2.1-3.0 (May 26, 1992)
Based on EPSF macro package. version 1.2 - Released July 16, 1990
\@darg=\dimen99
\eps@xdim=\dimen100
\eps@ydim=\dimen101
\eps@width=\dimen102
\eps@height=\dimen103
\eps@tempdima=\dimen104
\eps@tempdimb=\dimen105
\eps@cnta=\count86
\eps@cntb=\count87
\eps@cntc=\count88
\eps@cntd=\count89
\ps@stream=\read0
) (giw98.aux)
\openout1 = `giw98.aux'.

 <mg_taa.ps(216.40518pt,162.30801pt)>
<mg_taa_op5.ps(216.40518pt,162.30801pt)> [1

] [2] (giw98.aux) ) 
Here is how much of TeX's memory you used:
 250 strings out of 11804
 2541 string characters out of 86891
 39488 words of memory out of 263001
 2306 multiletter control sequences out of 10000+0
 24292 words of font info for 91 fonts, out of 200000 for 1000
 14 hyphenation exceptions out of 1000
 12i,9n,18p,408b,367s stack positions out of 300i,100n,500p,30000b,4000s

Output written on giw98.dvi (2 pages, 7092 bytes).
