
Unexpected Signal : 11 occurred at PC=0x40341DDC
Function=follow_stack__9MarkSweep+0x3C
Library=/tools/java/j2sdk1.4.0/jre/lib/i386/client/libjvm.so


Dynamic libraries:
08048000-0804d000 r-xp 00000000 00:08 20441089   /tools/java/j2sdk1.4.0/bin/java
0804d000-0804e000 rw-p 00004000 00:08 20441089   /tools/java/j2sdk1.4.0/bin/java
40000000-40016000 r-xp 00000000 21:05 393319     /lib/ld-2.2.4.so
40016000-40017000 rw-p 00015000 21:05 393319     /lib/ld-2.2.4.so
40018000-40021000 r-xp 00000000 00:08 20054077   /tools/java/j2sdk1.4.0/jre/lib/i386/native_threads/libhpi.so
40021000-40022000 rw-p 00008000 00:08 20054077   /tools/java/j2sdk1.4.0/jre/lib/i386/native_threads/libhpi.so
40022000-40023000 r--p 00000000 21:05 393233     /usr/lib/locale/en_US/LC_IDENTIFICATION
40023000-40024000 r--p 00000000 21:05 98457      /usr/lib/locale/en_US/LC_MEASUREMENT
40024000-40025000 r--p 00000000 21:05 16538      /usr/lib/locale/en_US/LC_TELEPHONE
40025000-40026000 r--p 00000000 21:05 16540      /usr/lib/locale/en_US/LC_ADDRESS
40026000-40027000 r--p 00000000 21:05 16539      /usr/lib/locale/en_US/LC_NAME
40027000-40028000 r--p 00000000 21:05 114941     /usr/lib/locale/en_US/LC_PAPER
40028000-40029000 r--p 00000000 21:05 376906     /usr/lib/locale/en_US/LC_MESSAGES/SYS_LC_MESSAGES
40029000-4002a000 r--p 00000000 21:05 98456      /usr/lib/locale/en_US/LC_MONETARY
4002a000-4002b000 r--p 00000000 21:05 393234     /usr/lib/locale/en_US/LC_TIME
4002b000-40038000 r-xp 00000000 21:05 426114     /lib/i686/libpthread-0.9.so
40038000-40040000 rw-p 0000c000 21:05 426114     /lib/i686/libpthread-0.9.so
40040000-40043000 r-xp 00000000 21:05 393332     /lib/libdl-2.2.4.so
40043000-40044000 rw-p 00002000 21:05 393332     /lib/libdl-2.2.4.so
40044000-40176000 r-xp 00000000 21:05 426110     /lib/i686/libc-2.2.4.so
40176000-4017b000 rw-p 00131000 21:05 426110     /lib/i686/libc-2.2.4.so
4017f000-40442000 r-xp 00000000 00:08 20084746   /tools/java/j2sdk1.4.0/jre/lib/i386/client/libjvm.so
40442000-4058a000 rw-p 002c2000 00:08 20084746   /tools/java/j2sdk1.4.0/jre/lib/i386/client/libjvm.so
4059e000-405b1000 r-xp 00000000 21:05 393337     /lib/libnsl-2.2.4.so
405b1000-405b2000 rw-p 00012000 21:05 393337     /lib/libnsl-2.2.4.so
405b4000-405e8000 r-xp 00000000 21:05 345351     /usr/lib/libstdc++-2-libc6.1-1-2.9.0.so
405e8000-405f4000 rw-p 00033000 21:05 345351     /usr/lib/libstdc++-2-libc6.1-1-2.9.0.so
405f6000-40618000 r-xp 00000000 21:05 426112     /lib/i686/libm-2.2.4.so
40618000-40619000 rw-p 00021000 21:05 426112     /lib/i686/libm-2.2.4.so
40619000-4062a000 r-xp 00000000 00:08 20047875   /tools/java/j2sdk1.4.0/jre/lib/i386/libverify.so
4062a000-4062c000 rw-p 00010000 00:08 20047875   /tools/java/j2sdk1.4.0/jre/lib/i386/libverify.so
4062c000-4064d000 r-xp 00000000 00:08 20047876   /tools/java/j2sdk1.4.0/jre/lib/i386/libjava.so
4064d000-4064f000 rw-p 00020000 00:08 20047876   /tools/java/j2sdk1.4.0/jre/lib/i386/libjava.so
40650000-40664000 r-xp 00000000 00:08 20047878   /tools/java/j2sdk1.4.0/jre/lib/i386/libzip.so
40664000-40667000 rw-p 00013000 00:08 20047878   /tools/java/j2sdk1.4.0/jre/lib/i386/libzip.so
40667000-41cdf000 r--s 00000000 00:08 20029462   /tools/java/j2sdk1.4.0/jre/lib/rt.jar
41d21000-41d38000 r--s 00000000 00:08 20029441   /tools/java/j2sdk1.4.0/jre/lib/sunrsasign.jar
41d38000-41da6000 r--s 00000000 00:08 20029443   /tools/java/j2sdk1.4.0/jre/lib/jsse.jar
41da6000-41db9000 r--s 00000000 00:08 20029442   /tools/java/j2sdk1.4.0/jre/lib/jce.jar
41db9000-4203a000 r--s 00000000 00:08 20029460   /tools/java/j2sdk1.4.0/jre/lib/charsets.jar
440e2000-440e8000 r--p 00000000 21:05 114947     /usr/lib/locale/en_US/LC_COLLATE
440e8000-440e9000 r--p 00000000 21:05 32975      /usr/lib/locale/en_US/LC_NUMERIC
440e9000-440eb000 r--s 00000000 00:08 20097031   /tools/java/j2sdk1.4.0/jre/lib/ext/dnsns.jar
440eb000-440f0000 r--s 00000000 00:0e 36274176   /users/pshannon/jars/isb.jar
4c2f3000-4c31e000 r--p 00000000 21:05 32983      /usr/lib/locale/en_US/LC_CTYPE
4c31e000-4c32c000 r--s 00000000 00:08 20097033   /tools/java/j2sdk1.4.0/jre/lib/ext/ldapsec.jar
4c32c000-4c32d000 r-xp 00000000 00:08 20047892   /tools/java/j2sdk1.4.0/jre/lib/i386/librmi.so
4c32d000-4c32e000 rw-p 00000000 00:08 20047892   /tools/java/j2sdk1.4.0/jre/lib/i386/librmi.so
4c331000-4c33b000 r-xp 00000000 21:05 393353     /lib/libnss_files-2.2.4.so
4c33b000-4c33c000 rw-p 00009000 21:05 393353     /lib/libnss_files-2.2.4.so
4c33c000-4c346000 r-xp 00000000 21:05 393358     /lib/libnss_nis-2.2.4.so
4c346000-4c347000 rw-p 00009000 21:05 393358     /lib/libnss_nis-2.2.4.so
4c576000-4c593000 r--s 00000000 00:08 20097028   /tools/java/j2sdk1.4.0/jre/lib/ext/sunjce_provider.jar
4c593000-4c636000 r--s 00000000 00:08 20097032   /tools/java/j2sdk1.4.0/jre/lib/ext/localedata.jar
4c636000-4c648000 r-xp 00000000 00:08 20047881   /tools/java/j2sdk1.4.0/jre/lib/i386/libnet.so
4c648000-4c649000 rw-p 00011000 00:08 20047881   /tools/java/j2sdk1.4.0/jre/lib/i386/libnet.so
4c84d000-4c854000 r--s 00000000 00:0e 5130260    /users/pshannon/jars/jaxp.jar
4c854000-4c882000 r--s 00000000 00:0e 5130293    /users/pshannon/jars/crimson.jar
4c882000-4c89f000 r--s 00000000 00:0e 29890633   /users/pshannon/jars/junit.jar
4c89f000-4c8a9000 r--s 00000000 00:0e 5130245    /users/pshannon/jars/servlet.jar
4c8a9000-4c8b7000 r--s 00000000 00:0e 5130263    /users/pshannon/jars/cos.jar
4c8b7000-4c8c0000 r--s 00000000 00:0e 5130385    /users/pshannon/jars/Jama-1.0.1.jar
4c8c0000-4c90c000 r--s 00000000 00:10 38836227   /net/compbio/src/distributions/Jess60b3/jess.jar
4c90c000-4c920000 r--s 00000000 00:0e 5130264    /users/pshannon/jars/jakarta-oro-2.0.2.jar
4c920000-4c9d0000 r--s 00000000 00:0e 5130389    /users/pshannon/jars/jython.jar
4c9d0000-4cab3000 r--s 00000000 00:0e 1511560    /users/pshannon/examples/java/sgt/src/sgt_v21.jar
4cab3000-4cac7000 r--s 00000000 00:0e 5130241    /users/pshannon/jars/jdom-b6.jar

Local Time = Thu Mar  7 08:45:41 2002
Elapsed Time = 67
#
# HotSpot Virtual Machine Error : 11
# Error ID : 4F530E43505002D3
# Please report this error at
# http://java.sun.com/cgi-bin/bugreport.cgi
#
# Java VM: Java HotSpot(TM) Client VM (1.4.0-b92 mixed mode)
#
